<?xml version="1.0" encoding="UTF-8"?>
<!-- Generated by org.testng.reporters.JUnitXMLReporter -->
<testsuite hostname="DESKTOP-F3FV5JH" name="Test" tests="3" failures="0" timestamp="7 May 2017 02:11:36 GMT" time="6.714" errors="0">
  <testcase name="getPlaceAPI" time="5.496" classname="com.framework.testscripts.RetrievePlaceAPIValidation"/>
  <testcase name="addAPlace" time="0.704" classname="com.framework.testscripts.DeletePlaceAPIValidation"/>
  <testcase name="postData" time="0.399" classname="com.framework.testscripts.AddPlaceAPIValidation"/>
</testsuite> <!-- Test -->
