<?xml version="1.0" encoding="UTF-8"?>
<!-- Generated by org.testng.reporters.JUnitXMLReporter -->
<testsuite hostname="DESKTOP-F3FV5JH" name="Test" tests="3" failures="0" timestamp="7 May 2017 07:43:58 GMT" time="7.92" errors="0">
  <testcase name="addPlace" time="6.209" classname="com.framework.testscripts.AddPlaceAPIValidation"/>
  <testcase name="getPlaceAPI" time="0.971" classname="com.framework.testscripts.RetrievePlaceAPIValidation"/>
  <testcase name="addAPlace" time="0.663" classname="com.framework.testscripts.DeletePlaceAPIValidation"/>
</testsuite> <!-- Test -->
